<?xml version="1.0" encoding="UTF-8"?>
<!-- Generated by org.testng.reporters.JUnitReportReporter -->
<testsuite name="com.scripts.OpenReports" tests="1" time="7.772" ignored="0" failures="0" timestamp="24 Feb 2017 10:55:19 GMT" skipped="0" hostname="CBT-031" errors="0">
  <testcase name="openReports" time="7.772" classname="com.scripts.OpenReports"/>
</testsuite> <!-- com.scripts.OpenReports -->
