<?xml version="1.0" encoding="UTF-8"?>
<!-- Generated by org.testng.reporters.JUnitReportReporter -->
<testsuite name="com.scripts.LoginTest" tests="1" time="50.734" ignored="0" failures="0" timestamp="22 Feb 2017 06:52:03 GMT" skipped="0" hostname="CBT-031" errors="0">
  <testcase name="Login" time="50.734" classname="com.scripts.LoginTest"/>
</testsuite> <!-- com.scripts.LoginTest -->
